Build started 20.06.2014 19:36:13.
     1>Project "D:\RTSFPS\SOURCE\main.vcxproj" on node 2 (Build target(s)).
     1>ClCompile:
         C:\Program Files (x86)\Microsoft Visual Studio 11.0\VC\bin\CL.exe /c /ZI /nologo /W3 /WX- /sdl /Od /Oy- /D _MBCS /Gm /EHsc /RTC1 /MDd /GS /fp:precise /Zc:wchar_t /Zc:forScope /Fo"Debug\\" /Fd"Debug\vc110.pdb" /Gd /TP /analyze- /errorReport:prompt src\Common\ContentLoader.cpp
         ContentLoader.cpp
       Link:
         C:\Program Files (x86)\Microsoft Visual Studio 11.0\VC\bin\link.exe /ERRORREPORT:PROMPT /OUT:"D:\RTSFPS\SOURCE\Debug\main.exe" /INCREMENTAL /NOLOGO OpenGL32.lib GLu32.lib GLew32.lib SDL2main.lib SDL2.lib SDL2_image.lib SDL2_ttf.lib BulletCollision.lib BulletDynamics.lib LinearMath.lib kernel32.lib user32.lib gdi32.lib winspool.lib comdlg32.lib advapi32.lib shell32.lib ole32.lib oleaut32.lib uuid.lib odbc32.lib odbccp32.lib /MANIFEST /MANIFESTUAC:"level='asInvoker' uiAccess='false'" /manifest:embed /DEBUG /PDB:"D:\RTSFPS\SOURCE\Debug\main.pdb" /SUBSYSTEM:WINDOWS /TLBID:1 /DYNAMICBASE /NXCOMPAT /IMPLIB:"D:\RTSFPS\SOURCE\Debug\main.lib" /MACHINE:X86 Debug\ContentLoader.obj
         Debug\Camera.obj
         Debug\FramesPerSecond.obj
         Debug\Material.obj
         Debug\Mesh.obj
         Debug\MeshRenderer.obj
         Debug\Renderer.obj
         Debug\RenderManager.obj
         Debug\SkyBoxRenderer.obj
         Debug\TextRenderer.obj
         Debug\Transform.obj
         Debug\conf.obj
         Debug\EventHandler.obj
         Debug\FreeCam.obj
         Debug\InputHandler.obj
         Debug\Player.obj
         Debug\EventInput.obj
         Debug\EventSystemMessages.obj
         Debug\EventSystem.obj
         Debug\EntityFactory.obj
         Debug\MeshFactory.obj
         Debug\drawfont.obj
         Debug\GLstuff.obj
         Debug\SDLgraph.obj
         Debug\shader.obj
         Debug\main.obj
         Debug\INIparser.obj
         Debug\OBJparser.obj
         Debug\tools.obj
         main.vcxproj -> D:\RTSFPS\SOURCE\Debug\main.exe
     1>Done Building Project "D:\RTSFPS\SOURCE\main.vcxproj" (Build target(s)).

Build succeeded.

Time Elapsed 00:00:01.44
